{"/home/bruno/Backend/singMeASong/src/database.js": {"path":"/home/bruno/Backend/singMeASong/src/database.js","statementMap":{"0":{"start":{"line":4,"column":17},"end":{"line":4,"column":19}},"1":{"start":{"line":6,"column":13},"end":{"line":12,"column":1}},"2":{"start":{"line":14,"column":0},"end":{"line":21,"column":1}},"3":{"start":{"line":15,"column":2},"end":{"line":20,"column":4}},"4":{"start":{"line":23,"column":13},"end":{"line":23,"column":29}}},"fnMap":{},"branchMap":{"0":{"loc":{"start":{"line":14,"column":0},"end":{"line":21,"column":1}},"type":"if","locations":[{"start":{"line":14,"column":0},"end":{"line":21,"column":1}},{"start":{},"end":{}}],"line":14}},"s":{"0":3,"1":3,"2":3,"3":0,"4":3},"f":{},"b":{"0":[0,3]},"_coverageSchema":"1a1c01bbd47fc00a2c39e90264f33305004495a9","hash":"4aa157d9b7e92edbfe4db0b1a826444dc8aa1557"}
,"/home/bruno/Backend/singMeASong/src/setup.js": {"path":"/home/bruno/Backend/singMeASong/src/setup.js","statementMap":{"0":{"start":{"line":3,"column":14},"end":{"line":3,"column":25}},"1":{"start":{"line":5,"column":0},"end":{"line":5,"column":54}},"2":{"start":{"line":5,"column":37},"end":{"line":5,"column":54}},"3":{"start":{"line":6,"column":0},"end":{"line":6,"column":57}},"4":{"start":{"line":6,"column":36},"end":{"line":6,"column":57}},"5":{"start":{"line":8,"column":0},"end":{"line":10,"column":3}}},"fnMap":{},"branchMap":{"0":{"loc":{"start":{"line":5,"column":0},"end":{"line":5,"column":54}},"type":"if","locations":[{"start":{"line":5,"column":0},"end":{"line":5,"column":54}},{"start":{},"end":{}}],"line":5},"1":{"loc":{"start":{"line":6,"column":0},"end":{"line":6,"column":57}},"type":"if","locations":[{"start":{"line":6,"column":0},"end":{"line":6,"column":57}},{"start":{},"end":{}}],"line":6}},"s":{"0":3,"1":3,"2":0,"3":3,"4":0,"5":3},"f":{},"b":{"0":[0,3],"1":[0,3]},"_coverageSchema":"1a1c01bbd47fc00a2c39e90264f33305004495a9","hash":"1d799ccebcdbacc2441bbc3f7841105e286eb4c3"}
,"/home/bruno/Backend/singMeASong/src/repositories/recommendationsRepository.js": {"path":"/home/bruno/Backend/singMeASong/src/repositories/recommendationsRepository.js","statementMap":{"0":{"start":{"line":4,"column":2},"end":{"line":7,"column":4}},"1":{"start":{"line":11,"column":2},"end":{"line":14,"column":4}},"2":{"start":{"line":18,"column":2},"end":{"line":18,"column":77}},"3":{"start":{"line":22,"column":17},"end":{"line":27,"column":3}},"4":{"start":{"line":29,"column":2},"end":{"line":29,"column":24}},"5":{"start":{"line":33,"column":14},"end":{"line":33,"column":16}},"6":{"start":{"line":34,"column":17},"end":{"line":34,"column":27}},"7":{"start":{"line":36,"column":2},"end":{"line":41,"column":3}},"8":{"start":{"line":37,"column":4},"end":{"line":37,"column":26}},"9":{"start":{"line":39,"column":4},"end":{"line":39,"column":38}},"10":{"start":{"line":40,"column":4},"end":{"line":40,"column":26}},"11":{"start":{"line":43,"column":12},"end":{"line":43,"column":58}},"12":{"start":{"line":45,"column":2},"end":{"line":47,"column":3}},"13":{"start":{"line":46,"column":4},"end":{"line":46,"column":32}},"14":{"start":{"line":49,"column":17},"end":{"line":49,"column":52}},"15":{"start":{"line":51,"column":2},"end":{"line":51,"column":21}},"16":{"start":{"line":55,"column":17},"end":{"line":57,"column":3}},"17":{"start":{"line":59,"column":2},"end":{"line":59,"column":24}},"18":{"start":{"line":63,"column":17},"end":{"line":66,"column":3}},"19":{"start":{"line":67,"column":2},"end":{"line":67,"column":16}}},"fnMap":{"0":{"name":"createRecommendation","decl":{"start":{"line":3,"column":15},"end":{"line":3,"column":35}},"loc":{"start":{"line":3,"column":62},"end":{"line":8,"column":1}},"line":3},"1":{"name":"upScore","decl":{"start":{"line":10,"column":15},"end":{"line":10,"column":22}},"loc":{"start":{"line":10,"column":35},"end":{"line":15,"column":1}},"line":10},"2":{"name":"deleteRecommendation","decl":{"start":{"line":17,"column":15},"end":{"line":17,"column":35}},"loc":{"start":{"line":17,"column":40},"end":{"line":19,"column":1}},"line":17},"3":{"name":"checkID","decl":{"start":{"line":21,"column":15},"end":{"line":21,"column":22}},"loc":{"start":{"line":21,"column":27},"end":{"line":30,"column":1}},"line":21},"4":{"name":"checkRecommendation","decl":{"start":{"line":32,"column":15},"end":{"line":32,"column":34}},"loc":{"start":{"line":32,"column":62},"end":{"line":52,"column":1}},"line":32},"5":{"name":"checkRecommendationRandom","decl":{"start":{"line":54,"column":15},"end":{"line":54,"column":40}},"loc":{"start":{"line":54,"column":43},"end":{"line":60,"column":1}},"line":54},"6":{"name":"selectTopAmount","decl":{"start":{"line":62,"column":15},"end":{"line":62,"column":30}},"loc":{"start":{"line":62,"column":39},"end":{"line":68,"column":1}},"line":62}},"branchMap":{"0":{"loc":{"start":{"line":36,"column":2},"end":{"line":41,"column":3}},"type":"if","locations":[{"start":{"line":36,"column":2},"end":{"line":41,"column":3}},{"start":{"line":38,"column":9},"end":{"line":41,"column":3}}],"line":36},"1":{"loc":{"start":{"line":36,"column":6},"end":{"line":36,"column":41}},"type":"binary-expr","locations":[{"start":{"line":36,"column":6},"end":{"line":36,"column":28}},{"start":{"line":36,"column":32},"end":{"line":36,"column":41}}],"line":36},"2":{"loc":{"start":{"line":45,"column":2},"end":{"line":47,"column":3}},"type":"if","locations":[{"start":{"line":45,"column":2},"end":{"line":47,"column":3}},{"start":{},"end":{}}],"line":45}},"s":{"0":0,"1":0,"2":0,"3":0,"4":0,"5":0,"6":0,"7":0,"8":0,"9":0,"10":0,"11":0,"12":0,"13":0,"14":0,"15":0,"16":0,"17":0,"18":0,"19":0},"f":{"0":0,"1":0,"2":0,"3":0,"4":0,"5":0,"6":0},"b":{"0":[0,0],"1":[0,0],"2":[0,0]},"_coverageSchema":"1a1c01bbd47fc00a2c39e90264f33305004495a9","hash":"2cec92892aab5df4745b0a1ae7ecc1c2d2ce6479"}
,"/home/bruno/Backend/singMeASong/src/services/recommendationsService.js": {"path":"/home/bruno/Backend/singMeASong/src/services/recommendationsService.js","statementMap":{"0":{"start":{"line":5,"column":26},"end":{"line":5,"column":68}},"1":{"start":{"line":7,"column":2},"end":{"line":7,"column":41}},"2":{"start":{"line":7,"column":29},"end":{"line":7,"column":41}},"3":{"start":{"line":9,"column":2},"end":{"line":9,"column":63}},"4":{"start":{"line":9,"column":51},"end":{"line":9,"column":63}},"5":{"start":{"line":11,"column":16},"end":{"line":11,"column":17}},"6":{"start":{"line":13,"column":2},"end":{"line":17,"column":4}},"7":{"start":{"line":19,"column":2},"end":{"line":19,"column":14}},"8":{"start":{"line":23,"column":17},"end":{"line":23,"column":68}},"9":{"start":{"line":24,"column":2},"end":{"line":24,"column":47}},"10":{"start":{"line":28,"column":2},"end":{"line":28,"column":28}},"11":{"start":{"line":32,"column":30},"end":{"line":32,"column":73}},"12":{"start":{"line":34,"column":2},"end":{"line":36,"column":3}},"13":{"start":{"line":35,"column":4},"end":{"line":35,"column":62}},"14":{"start":{"line":37,"column":2},"end":{"line":37,"column":29}},"15":{"start":{"line":41,"column":17},"end":{"line":41,"column":30}},"16":{"start":{"line":43,"column":18},"end":{"line":43,"column":20}},"17":{"start":{"line":44,"column":16},"end":{"line":44,"column":26}},"18":{"start":{"line":46,"column":2},"end":{"line":69,"column":3}},"19":{"start":{"line":47,"column":4},"end":{"line":51,"column":6}},"20":{"start":{"line":53,"column":19},"end":{"line":55,"column":5}},"21":{"start":{"line":57,"column":4},"end":{"line":57,"column":43}},"22":{"start":{"line":57,"column":29},"end":{"line":57,"column":43}},"23":{"start":{"line":59,"column":4},"end":{"line":62,"column":6}},"24":{"start":{"line":64,"column":19},"end":{"line":66,"column":5}},"25":{"start":{"line":68,"column":4},"end":{"line":68,"column":43}},"26":{"start":{"line":68,"column":29},"end":{"line":68,"column":43}},"27":{"start":{"line":71,"column":17},"end":{"line":71,"column":76}},"28":{"start":{"line":72,"column":2},"end":{"line":72,"column":16}}},"fnMap":{"0":{"name":"doingRecommendation","decl":{"start":{"line":4,"column":15},"end":{"line":4,"column":34}},"loc":{"start":{"line":4,"column":54},"end":{"line":20,"column":1}},"line":4},"1":{"name":"upvoteScore","decl":{"start":{"line":22,"column":15},"end":{"line":22,"column":26}},"loc":{"start":{"line":22,"column":39},"end":{"line":25,"column":1}},"line":22},"2":{"name":"upvoteRecommendationService","decl":{"start":{"line":27,"column":15},"end":{"line":27,"column":42}},"loc":{"start":{"line":27,"column":47},"end":{"line":29,"column":1}},"line":27},"3":{"name":"downvoteRecommendationService","decl":{"start":{"line":31,"column":15},"end":{"line":31,"column":44}},"loc":{"start":{"line":31,"column":49},"end":{"line":38,"column":1}},"line":31},"4":{"name":"randomRecommendationsService","decl":{"start":{"line":40,"column":15},"end":{"line":40,"column":43}},"loc":{"start":{"line":40,"column":46},"end":{"line":73,"column":1}},"line":40}},"branchMap":{"0":{"loc":{"start":{"line":7,"column":2},"end":{"line":7,"column":41}},"type":"if","locations":[{"start":{"line":7,"column":2},"end":{"line":7,"column":41}},{"start":{},"end":{}}],"line":7},"1":{"loc":{"start":{"line":9,"column":2},"end":{"line":9,"column":63}},"type":"if","locations":[{"start":{"line":9,"column":2},"end":{"line":9,"column":63}},{"start":{},"end":{}}],"line":9},"2":{"loc":{"start":{"line":24,"column":9},"end":{"line":24,"column":46}},"type":"cond-expr","locations":[{"start":{"line":24,"column":33},"end":{"line":24,"column":37}},{"start":{"line":24,"column":40},"end":{"line":24,"column":46}}],"line":24},"3":{"loc":{"start":{"line":34,"column":2},"end":{"line":36,"column":3}},"type":"if","locations":[{"start":{"line":34,"column":2},"end":{"line":36,"column":3}},{"start":{},"end":{}}],"line":34},"4":{"loc":{"start":{"line":46,"column":2},"end":{"line":69,"column":3}},"type":"if","locations":[{"start":{"line":46,"column":2},"end":{"line":69,"column":3}},{"start":{"line":58,"column":9},"end":{"line":69,"column":3}}],"line":46},"5":{"loc":{"start":{"line":57,"column":4},"end":{"line":57,"column":43}},"type":"if","locations":[{"start":{"line":57,"column":4},"end":{"line":57,"column":43}},{"start":{},"end":{}}],"line":57},"6":{"loc":{"start":{"line":68,"column":4},"end":{"line":68,"column":43}},"type":"if","locations":[{"start":{"line":68,"column":4},"end":{"line":68,"column":43}},{"start":{},"end":{}}],"line":68}},"s":{"0":3,"1":3,"2":2,"3":1,"4":0,"5":1,"6":1,"7":1,"8":3,"9":3,"10":1,"11":0,"12":0,"13":0,"14":0,"15":0,"16":0,"17":0,"18":0,"19":0,"20":0,"21":0,"22":0,"23":0,"24":0,"25":0,"26":0,"27":0,"28":0},"f":{"0":3,"1":3,"2":1,"3":0,"4":0},"b":{"0":[2,1],"1":[0,1],"2":[1,2],"3":[0,0],"4":[0,0],"5":[0,0],"6":[0,0]},"_coverageSchema":"1a1c01bbd47fc00a2c39e90264f33305004495a9","hash":"a57a80c393ea748eb1c25060a0d6d209e26db755"}
,"/home/bruno/Backend/singMeASong/src/validations/joiValidation.js": {"path":"/home/bruno/Backend/singMeASong/src/validations/joiValidation.js","statementMap":{"0":{"start":{"line":3,"column":19},"end":{"line":6,"column":2}}},"fnMap":{},"branchMap":{},"s":{"0":3},"f":{},"b":{},"_coverageSchema":"1a1c01bbd47fc00a2c39e90264f33305004495a9","hash":"946bf490678b54d16b67c95c645261820d06189e"}
}
