{"/home/bruno/Backend/singMeASong/src/database.js": {"path":"/home/bruno/Backend/singMeASong/src/database.js","statementMap":{"0":{"start":{"line":4,"column":17},"end":{"line":4,"column":19}},"1":{"start":{"line":6,"column":13},"end":{"line":12,"column":1}},"2":{"start":{"line":14,"column":0},"end":{"line":21,"column":1}},"3":{"start":{"line":15,"column":2},"end":{"line":20,"column":4}},"4":{"start":{"line":23,"column":13},"end":{"line":23,"column":29}}},"fnMap":{},"branchMap":{"0":{"loc":{"start":{"line":14,"column":0},"end":{"line":21,"column":1}},"type":"if","locations":[{"start":{"line":14,"column":0},"end":{"line":21,"column":1}},{"start":{},"end":{}}],"line":14}},"s":{"0":4,"1":4,"2":4,"3":0,"4":4},"f":{},"b":{"0":[0,4]},"_coverageSchema":"1a1c01bbd47fc00a2c39e90264f33305004495a9","hash":"4aa157d9b7e92edbfe4db0b1a826444dc8aa1557"}
,"/home/bruno/Backend/singMeASong/src/setup.js": {"path":"/home/bruno/Backend/singMeASong/src/setup.js","statementMap":{"0":{"start":{"line":3,"column":14},"end":{"line":3,"column":25}},"1":{"start":{"line":5,"column":0},"end":{"line":5,"column":54}},"2":{"start":{"line":5,"column":37},"end":{"line":5,"column":54}},"3":{"start":{"line":6,"column":0},"end":{"line":6,"column":57}},"4":{"start":{"line":6,"column":36},"end":{"line":6,"column":57}},"5":{"start":{"line":8,"column":0},"end":{"line":10,"column":3}}},"fnMap":{},"branchMap":{"0":{"loc":{"start":{"line":5,"column":0},"end":{"line":5,"column":54}},"type":"if","locations":[{"start":{"line":5,"column":0},"end":{"line":5,"column":54}},{"start":{},"end":{}}],"line":5},"1":{"loc":{"start":{"line":6,"column":0},"end":{"line":6,"column":57}},"type":"if","locations":[{"start":{"line":6,"column":0},"end":{"line":6,"column":57}},{"start":{},"end":{}}],"line":6}},"s":{"0":4,"1":4,"2":0,"3":4,"4":0,"5":4},"f":{},"b":{"0":[0,4],"1":[0,4]},"_coverageSchema":"1a1c01bbd47fc00a2c39e90264f33305004495a9","hash":"1d799ccebcdbacc2441bbc3f7841105e286eb4c3"}
,"/home/bruno/Backend/singMeASong/src/repositories/recommendationsRepository.js": {"path":"/home/bruno/Backend/singMeASong/src/repositories/recommendationsRepository.js","statementMap":{"0":{"start":{"line":4,"column":2},"end":{"line":7,"column":4}},"1":{"start":{"line":11,"column":2},"end":{"line":14,"column":4}},"2":{"start":{"line":18,"column":2},"end":{"line":18,"column":77}},"3":{"start":{"line":22,"column":17},"end":{"line":27,"column":3}},"4":{"start":{"line":29,"column":2},"end":{"line":29,"column":24}},"5":{"start":{"line":33,"column":14},"end":{"line":33,"column":16}},"6":{"start":{"line":34,"column":17},"end":{"line":34,"column":27}},"7":{"start":{"line":36,"column":2},"end":{"line":41,"column":3}},"8":{"start":{"line":37,"column":4},"end":{"line":37,"column":26}},"9":{"start":{"line":39,"column":4},"end":{"line":39,"column":38}},"10":{"start":{"line":40,"column":4},"end":{"line":40,"column":26}},"11":{"start":{"line":43,"column":12},"end":{"line":43,"column":58}},"12":{"start":{"line":45,"column":2},"end":{"line":47,"column":3}},"13":{"start":{"line":46,"column":4},"end":{"line":46,"column":32}},"14":{"start":{"line":49,"column":17},"end":{"line":49,"column":52}},"15":{"start":{"line":51,"column":2},"end":{"line":51,"column":21}},"16":{"start":{"line":55,"column":17},"end":{"line":57,"column":3}},"17":{"start":{"line":59,"column":2},"end":{"line":59,"column":21}},"18":{"start":{"line":63,"column":17},"end":{"line":66,"column":3}},"19":{"start":{"line":67,"column":2},"end":{"line":67,"column":16}}},"fnMap":{"0":{"name":"createRecommendation","decl":{"start":{"line":3,"column":15},"end":{"line":3,"column":35}},"loc":{"start":{"line":3,"column":62},"end":{"line":8,"column":1}},"line":3},"1":{"name":"upScore","decl":{"start":{"line":10,"column":15},"end":{"line":10,"column":22}},"loc":{"start":{"line":10,"column":35},"end":{"line":15,"column":1}},"line":10},"2":{"name":"deleteRecommendation","decl":{"start":{"line":17,"column":15},"end":{"line":17,"column":35}},"loc":{"start":{"line":17,"column":40},"end":{"line":19,"column":1}},"line":17},"3":{"name":"checkID","decl":{"start":{"line":21,"column":15},"end":{"line":21,"column":22}},"loc":{"start":{"line":21,"column":27},"end":{"line":30,"column":1}},"line":21},"4":{"name":"checkRecommendation","decl":{"start":{"line":32,"column":15},"end":{"line":32,"column":34}},"loc":{"start":{"line":32,"column":62},"end":{"line":52,"column":1}},"line":32},"5":{"name":"checkRecommendationRandom","decl":{"start":{"line":54,"column":15},"end":{"line":54,"column":40}},"loc":{"start":{"line":54,"column":43},"end":{"line":60,"column":1}},"line":54},"6":{"name":"selectTopAmount","decl":{"start":{"line":62,"column":15},"end":{"line":62,"column":30}},"loc":{"start":{"line":62,"column":39},"end":{"line":68,"column":1}},"line":62}},"branchMap":{"0":{"loc":{"start":{"line":36,"column":2},"end":{"line":41,"column":3}},"type":"if","locations":[{"start":{"line":36,"column":2},"end":{"line":41,"column":3}},{"start":{"line":38,"column":9},"end":{"line":41,"column":3}}],"line":36},"1":{"loc":{"start":{"line":36,"column":6},"end":{"line":36,"column":41}},"type":"binary-expr","locations":[{"start":{"line":36,"column":6},"end":{"line":36,"column":28}},{"start":{"line":36,"column":32},"end":{"line":36,"column":41}}],"line":36},"2":{"loc":{"start":{"line":45,"column":2},"end":{"line":47,"column":3}},"type":"if","locations":[{"start":{"line":45,"column":2},"end":{"line":47,"column":3}},{"start":{},"end":{}}],"line":45}},"s":{"0":0,"1":0,"2":0,"3":2,"4":2,"5":0,"6":0,"7":0,"8":0,"9":0,"10":0,"11":0,"12":0,"13":0,"14":0,"15":0,"16":0,"17":0,"18":0,"19":0},"f":{"0":0,"1":0,"2":0,"3":2,"4":0,"5":0,"6":0},"b":{"0":[0,0],"1":[0,0],"2":[0,0]},"_coverageSchema":"1a1c01bbd47fc00a2c39e90264f33305004495a9","hash":"d33e0fab8bb7d9fa7c45f25509919646f37d1df0"}
,"/home/bruno/Backend/singMeASong/src/services/recommendationsService.js": {"path":"/home/bruno/Backend/singMeASong/src/services/recommendationsService.js","statementMap":{"0":{"start":{"line":5,"column":26},"end":{"line":5,"column":68}},"1":{"start":{"line":7,"column":2},"end":{"line":7,"column":41}},"2":{"start":{"line":7,"column":29},"end":{"line":7,"column":41}},"3":{"start":{"line":9,"column":2},"end":{"line":9,"column":63}},"4":{"start":{"line":9,"column":51},"end":{"line":9,"column":63}},"5":{"start":{"line":11,"column":16},"end":{"line":11,"column":17}},"6":{"start":{"line":13,"column":2},"end":{"line":17,"column":4}},"7":{"start":{"line":19,"column":2},"end":{"line":19,"column":14}},"8":{"start":{"line":23,"column":17},"end":{"line":23,"column":63}},"9":{"start":{"line":24,"column":2},"end":{"line":24,"column":47}},"10":{"start":{"line":28,"column":30},"end":{"line":28,"column":73}},"11":{"start":{"line":30,"column":2},"end":{"line":32,"column":3}},"12":{"start":{"line":31,"column":4},"end":{"line":31,"column":62}},"13":{"start":{"line":33,"column":17},"end":{"line":33,"column":64}},"14":{"start":{"line":34,"column":2},"end":{"line":34,"column":47}},"15":{"start":{"line":38,"column":18},"end":{"line":38,"column":20}},"16":{"start":{"line":39,"column":16},"end":{"line":39,"column":26}},"17":{"start":{"line":41,"column":2},"end":{"line":64,"column":3}},"18":{"start":{"line":42,"column":4},"end":{"line":46,"column":6}},"19":{"start":{"line":48,"column":19},"end":{"line":50,"column":5}},"20":{"start":{"line":52,"column":4},"end":{"line":52,"column":40}},"21":{"start":{"line":52,"column":23},"end":{"line":52,"column":40}},"22":{"start":{"line":54,"column":4},"end":{"line":57,"column":6}},"23":{"start":{"line":59,"column":19},"end":{"line":61,"column":5}},"24":{"start":{"line":63,"column":4},"end":{"line":63,"column":40}},"25":{"start":{"line":63,"column":23},"end":{"line":63,"column":40}},"26":{"start":{"line":66,"column":17},"end":{"line":66,"column":76}},"27":{"start":{"line":67,"column":2},"end":{"line":67,"column":42}}},"fnMap":{"0":{"name":"doingRecommendation","decl":{"start":{"line":4,"column":15},"end":{"line":4,"column":34}},"loc":{"start":{"line":4,"column":54},"end":{"line":20,"column":1}},"line":4},"1":{"name":"upvoteRecommendationService","decl":{"start":{"line":22,"column":15},"end":{"line":22,"column":42}},"loc":{"start":{"line":22,"column":47},"end":{"line":25,"column":1}},"line":22},"2":{"name":"downvoteRecommendationService","decl":{"start":{"line":27,"column":15},"end":{"line":27,"column":44}},"loc":{"start":{"line":27,"column":49},"end":{"line":35,"column":1}},"line":27},"3":{"name":"randomRecommendationsService","decl":{"start":{"line":37,"column":15},"end":{"line":37,"column":43}},"loc":{"start":{"line":37,"column":52},"end":{"line":68,"column":1}},"line":37}},"branchMap":{"0":{"loc":{"start":{"line":7,"column":2},"end":{"line":7,"column":41}},"type":"if","locations":[{"start":{"line":7,"column":2},"end":{"line":7,"column":41}},{"start":{},"end":{}}],"line":7},"1":{"loc":{"start":{"line":9,"column":2},"end":{"line":9,"column":63}},"type":"if","locations":[{"start":{"line":9,"column":2},"end":{"line":9,"column":63}},{"start":{},"end":{}}],"line":9},"2":{"loc":{"start":{"line":24,"column":9},"end":{"line":24,"column":46}},"type":"cond-expr","locations":[{"start":{"line":24,"column":33},"end":{"line":24,"column":37}},{"start":{"line":24,"column":40},"end":{"line":24,"column":46}}],"line":24},"3":{"loc":{"start":{"line":30,"column":2},"end":{"line":32,"column":3}},"type":"if","locations":[{"start":{"line":30,"column":2},"end":{"line":32,"column":3}},{"start":{},"end":{}}],"line":30},"4":{"loc":{"start":{"line":34,"column":9},"end":{"line":34,"column":46}},"type":"cond-expr","locations":[{"start":{"line":34,"column":33},"end":{"line":34,"column":37}},{"start":{"line":34,"column":40},"end":{"line":34,"column":46}}],"line":34},"5":{"loc":{"start":{"line":41,"column":2},"end":{"line":64,"column":3}},"type":"if","locations":[{"start":{"line":41,"column":2},"end":{"line":64,"column":3}},{"start":{"line":53,"column":9},"end":{"line":64,"column":3}}],"line":41},"6":{"loc":{"start":{"line":52,"column":4},"end":{"line":52,"column":40}},"type":"if","locations":[{"start":{"line":52,"column":4},"end":{"line":52,"column":40}},{"start":{},"end":{}}],"line":52},"7":{"loc":{"start":{"line":63,"column":4},"end":{"line":63,"column":40}},"type":"if","locations":[{"start":{"line":63,"column":4},"end":{"line":63,"column":40}},{"start":{},"end":{}}],"line":63},"8":{"loc":{"start":{"line":67,"column":9},"end":{"line":67,"column":41}},"type":"cond-expr","locations":[{"start":{"line":67,"column":25},"end":{"line":67,"column":34}},{"start":{"line":67,"column":37},"end":{"line":67,"column":41}}],"line":67}},"s":{"0":4,"1":4,"2":2,"3":2,"4":1,"5":1,"6":1,"7":1,"8":2,"9":2,"10":4,"11":4,"12":1,"13":3,"14":3,"15":7,"16":7,"17":7,"18":3,"19":3,"20":3,"21":1,"22":4,"23":4,"24":4,"25":2,"26":4,"27":4},"f":{"0":4,"1":2,"2":4,"3":7},"b":{"0":[2,2],"1":[1,1],"2":[1,1],"3":[1,3],"4":[1,2],"5":[3,4],"6":[1,2],"7":[2,2],"8":[2,2]},"_coverageSchema":"1a1c01bbd47fc00a2c39e90264f33305004495a9","hash":"c6fa1a6ad3e263e2218105e8ae5bfd63e0133c44"}
,"/home/bruno/Backend/singMeASong/src/validations/joiValidation.js": {"path":"/home/bruno/Backend/singMeASong/src/validations/joiValidation.js","statementMap":{"0":{"start":{"line":3,"column":19},"end":{"line":6,"column":2}}},"fnMap":{},"branchMap":{},"s":{"0":4},"f":{},"b":{},"_coverageSchema":"1a1c01bbd47fc00a2c39e90264f33305004495a9","hash":"946bf490678b54d16b67c95c645261820d06189e"}
}
