TN:
SF:src/database.js
FNF:0
FNH:0
DA:4,4
DA:6,4
DA:14,4
DA:15,0
DA:23,4
LF:5
LH:4
BRDA:14,0,0,0
BRDA:14,0,1,4
BRF:2
BRH:1
end_of_record
TN:
SF:src/setup.js
FNF:0
FNH:0
DA:3,4
DA:5,4
DA:6,4
DA:8,4
LF:4
LH:4
BRDA:5,0,0,0
BRDA:5,0,1,4
BRDA:6,1,0,0
BRDA:6,1,1,4
BRF:4
BRH:2
end_of_record
TN:
SF:src/repositories/recommendationsRepository.js
FN:3,createRecommendation
FN:10,upScore
FN:17,deleteRecommendation
FN:21,checkID
FN:32,checkRecommendation
FN:54,checkRecommendationRandom
FN:62,selectTopAmount
FNF:7
FNH:1
FNDA:0,createRecommendation
FNDA:0,upScore
FNDA:0,deleteRecommendation
FNDA:2,checkID
FNDA:0,checkRecommendation
FNDA:0,checkRecommendationRandom
FNDA:0,selectTopAmount
DA:4,0
DA:11,0
DA:18,0
DA:22,2
DA:29,2
DA:33,0
DA:34,0
DA:36,0
DA:37,0
DA:39,0
DA:40,0
DA:43,0
DA:45,0
DA:46,0
DA:49,0
DA:51,0
DA:55,0
DA:59,0
DA:63,0
DA:67,0
LF:20
LH:2
BRDA:36,0,0,0
BRDA:36,0,1,0
BRDA:36,1,0,0
BRDA:36,1,1,0
BRDA:45,2,0,0
BRDA:45,2,1,0
BRF:6
BRH:0
end_of_record
TN:
SF:src/services/recommendationsService.js
FN:4,doingRecommendation
FN:22,upvoteRecommendationService
FN:27,downvoteRecommendationService
FN:37,randomRecommendationsService
FNF:4
FNH:4
FNDA:4,doingRecommendation
FNDA:2,upvoteRecommendationService
FNDA:4,downvoteRecommendationService
FNDA:7,randomRecommendationsService
DA:5,4
DA:7,4
DA:9,2
DA:11,1
DA:13,1
DA:19,1
DA:23,2
DA:24,2
DA:28,4
DA:30,4
DA:31,1
DA:33,3
DA:34,3
DA:38,7
DA:39,7
DA:41,7
DA:42,3
DA:48,3
DA:52,3
DA:54,4
DA:59,4
DA:63,4
DA:66,4
DA:67,4
LF:24
LH:24
BRDA:7,0,0,2
BRDA:7,0,1,2
BRDA:9,1,0,1
BRDA:9,1,1,1
BRDA:24,2,0,1
BRDA:24,2,1,1
BRDA:30,3,0,1
BRDA:30,3,1,3
BRDA:34,4,0,1
BRDA:34,4,1,2
BRDA:41,5,0,3
BRDA:41,5,1,4
BRDA:52,6,0,1
BRDA:52,6,1,2
BRDA:63,7,0,2
BRDA:63,7,1,2
BRDA:67,8,0,2
BRDA:67,8,1,2
BRF:18
BRH:18
end_of_record
TN:
SF:src/validations/joiValidation.js
FNF:0
FNH:0
DA:3,4
LF:1
LH:1
BRF:0
BRH:0
end_of_record
