TN:
SF:src/database.js
FNF:0
FNH:0
DA:4,3
DA:6,3
DA:14,3
DA:15,0
DA:23,3
LF:5
LH:4
BRDA:14,0,0,0
BRDA:14,0,1,3
BRF:2
BRH:1
end_of_record
TN:
SF:src/setup.js
FNF:0
FNH:0
DA:3,3
DA:5,3
DA:6,3
DA:8,3
LF:4
LH:4
BRDA:5,0,0,0
BRDA:5,0,1,3
BRDA:6,1,0,0
BRDA:6,1,1,3
BRF:4
BRH:2
end_of_record
TN:
SF:src/repositories/recommendationsRepository.js
FN:3,createRecommendation
FN:10,upScore
FN:17,deleteRecommendation
FN:21,checkID
FN:32,checkRecommendation
FN:54,checkRecommendationRandom
FN:62,selectTopAmount
FNF:7
FNH:0
FNDA:0,createRecommendation
FNDA:0,upScore
FNDA:0,deleteRecommendation
FNDA:0,checkID
FNDA:0,checkRecommendation
FNDA:0,checkRecommendationRandom
FNDA:0,selectTopAmount
DA:4,0
DA:11,0
DA:18,0
DA:22,0
DA:29,0
DA:33,0
DA:34,0
DA:36,0
DA:37,0
DA:39,0
DA:40,0
DA:43,0
DA:45,0
DA:46,0
DA:49,0
DA:51,0
DA:55,0
DA:59,0
DA:63,0
DA:67,0
LF:20
LH:0
BRDA:36,0,0,0
BRDA:36,0,1,0
BRDA:36,1,0,0
BRDA:36,1,1,0
BRDA:45,2,0,0
BRDA:45,2,1,0
BRF:6
BRH:0
end_of_record
TN:
SF:src/services/recommendationsService.js
FN:4,doingRecommendation
FN:22,upvoteScore
FN:27,upvoteRecommendationService
FN:31,downvoteRecommendationService
FN:40,randomRecommendationsService
FNF:5
FNH:3
FNDA:3,doingRecommendation
FNDA:3,upvoteScore
FNDA:1,upvoteRecommendationService
FNDA:0,downvoteRecommendationService
FNDA:0,randomRecommendationsService
DA:5,3
DA:7,3
DA:9,1
DA:11,1
DA:13,1
DA:19,1
DA:23,3
DA:24,3
DA:28,1
DA:32,0
DA:34,0
DA:35,0
DA:37,0
DA:41,0
DA:43,0
DA:44,0
DA:46,0
DA:47,0
DA:53,0
DA:57,0
DA:59,0
DA:64,0
DA:68,0
DA:71,0
DA:72,0
LF:25
LH:9
BRDA:7,0,0,2
BRDA:7,0,1,1
BRDA:9,1,0,0
BRDA:9,1,1,1
BRDA:24,2,0,1
BRDA:24,2,1,2
BRDA:34,3,0,0
BRDA:34,3,1,0
BRDA:46,4,0,0
BRDA:46,4,1,0
BRDA:57,5,0,0
BRDA:57,5,1,0
BRDA:68,6,0,0
BRDA:68,6,1,0
BRF:14
BRH:5
end_of_record
TN:
SF:src/validations/joiValidation.js
FNF:0
FNH:0
DA:3,3
LF:1
LH:1
BRF:0
BRH:0
end_of_record
